********************************************************************************
DUPLICATOR-LITE PACKAGE-LOG: May 22, 2024 11:22 am
NOTICE: Do NOT post to public sites or forums 
********************************************************************************
VERSION:	1.5.9
WORDPRESS:	6.5.3
PHP INFO:	8.2.0 | SAPI: apache2handler
SERVER:		Apache/2.4.54 (Win64) OpenSSL/1.1.1p PHP/8.2.0 
PHP TIME LIMIT: (0) no time limit imposed 
PHP MAX MEMORY: 4294967296 (512M default) 
MEMORY STACK: 162MB

********************************************************************************
DATABASE:
********************************************************************************
BUILD MODE:   MYSQLDUMP
MYSQLTIMEOUT: 5000
MYSQLDUMP:    Is Supported
SQL CREATED: 20240522_sala_46e747437691073c1228_20240522112052_database.sql
SQL FILE SIZE: 41.05MB (43039594)
SQL FILE TIME: 2024-05-22 11:24:27
SQL RUNTIME: 88.21 sec.

********************************************************************************
ARCHIVE (ZIP):
********************************************************************************
ARCHIVE DIR:  C:/xampp/htdocs/sala
ARCHIVE FILE: 20240522_sala_46e747437691073c1228_20240522112052_archive.zip
FILTERS: *OFF*
DIRS:
	not set
FILES:
	not set
EXTS:  not set
----------------------------------------
COMPRESSING
SIZE:	600.65MB
STATS:	Dirs 4,910 | Files 42,338
SQL ADDED: 20240522_sala_46e747437691073c1228_20240522112052_database.sql
ZipArchive Object
(
    [lastId] => 47247
    [status] => 0
    [statusSys] => 0
    [numFiles] => 47248
    [filename] => C:\xampp\htdocs\sala\wp-content\backups-dup-lite\tmp\20240522_sala_46e747437691073c1228_20240522112052_archive.zip
    [comment] => 
)

FILE ADDED TO ZIP: 47247
COMPRESSION RESULT: '1'
COMPRESSED SIZE: 304.73MB
ARCHIVE RUNTIME: 112.28 sec.
MEMORY STACK: 172MB
building installer
ARCHIVE CONSISTENCY TEST: PASS

********************************************************************************
INTEGRITY CHECKS:
********************************************************************************
SQL FILE: 41.05MB
INSTALLER FILE: 73.47KB
ARCHIVE FILE: 307.91MB 
EXPECTED FILE/DIRECTORY COUNT: 47,248
ACTUAL FILE/DIRECTORY COUNT: 47,247
ARCHIVE CONSISTENCY TEST: Pass

********************************************************************************
RECORD ID:[1]
TOTAL PROCESS RUNTIME: 210.54 sec.
PEAK PHP MEMORY USED: 180MB
DONE PROCESSING => 20240522_sala May 22, 2024 11:26 am

